/**/
/*   Copyright (C) 2012-2014 Maxim Zakharov. All rights reserved.              */
/*   Copyright (C) 2003-2011 DataPark Ltd. All rights reserved.                */
/**/
/*   This program is free software; you can redistribute it and/or modify      */
/*   it under the terms of the GNU General Public License as published by      */
/*   the Free Software Foundation; either version 2 of the License, or         */
/*   (at your option) any later version.                                       */
/**/
/*   This program is distributed in the hope that it will be useful,           */
/*   but WITHOUT ANY WARRANTY; without even the implied warranty of            */
/*   MERCHANTABILITY or FITNESS FOR A PARTICULAR PURPOSE.  See the             */
/*   GNU General Public License for more details.                              */
/**/
/*   You should have received a copy of the GNU General Public License         */
/*   along with this program; if not, write to the Free Software               */
/*   Foundation, Inc., 59 Temple Place, Suite 330, Boston, MA  02111-1307  USA */
/**/
/**/
	{"Include",		1,1,	do_include},
	{"ImportEnv",		1,1,	env_rpl_env_var},
	{"DBAddr",		1,1,	env_rpl_var},
	{"TrackDBAddr",         1,1,    env_rpl_var},
	{"URLDAddr",		1,1,	env_rpl_var},
	{"Listen",		1,1,	env_rpl_var},
	{"Bind",                1,1,    env_rpl_var},
	{"UseRemoteContentType",1,1,	env_rpl_var},
	{"SkipUnreferred",      1,1,    env_rpl_var},
	{"SkipHrefIn",          1,1,    env_rpl_var},
	{"UseCRC32URLId",	1,1,	env_rpl_bool_var},
	{"NewsExtensions",	1,1,	env_rpl_bool_var},
	{"AccentExtensions",    1,1,    env_rpl_bool_var},
	{"AspellExtensions",    1,1,    env_rpl_bool_var},
	{"TrackHops",           1,1,    env_rpl_bool_var},
	{"CrossWords",		1,1,	env_rpl_bool_var},
	{"ResegmentChinese",	1,1,	env_rpl_bool_var},
	{"ResegmentJapanese",	1,1,	env_rpl_bool_var},
	{"ResegmentKorean",	1,1,	env_rpl_bool_var},
	{"ResegmentThai",	1,1,	env_rpl_bool_var},
	{"StopwordsLoose",      1,1,    env_rpl_bool_var},
	{"SyslogFacility",	1,1,	env_rpl_var},
	{"AliasProg",		1,1,	env_rpl_var},
	{"ReverseAliasProg",	1,1,	env_rpl_var},
	{"ForceIISCharset1251",	1,1,	env_rpl_var},
	{"GroupBySite",		1,1,	env_rpl_var},
	{"Cache",		1,1,	env_rpl_var},
	{"wf",   		1,1,	env_rpl_var},
	{"sp",   		1,1,	env_rpl_var},
	{"sy",   		1,1,	env_rpl_var},
	{"s",   		1,1,	env_rpl_var},
	{"PopRankMethod",	1,1,	env_rpl_var},
	{"PopRankSkipSameSite",	1,1,	env_rpl_var},
	{"CrossWordsSkipSameSite",1,1,	env_rpl_var},
	{"PopRankFeedBack",	1,1,	env_rpl_var},
	{"PopRankUseTracking",	1,1,	env_rpl_var},
	{"PopRankUseShowCnt",	1,1,	env_rpl_var},
	{"PopRankShowCntRatio",	1,1,	env_rpl_var},
	{"PopRankShowCntWeight",1,1,	env_rpl_var},
	{"PopRankPostpone",     1,1,    env_rpl_bool_var},
	{"VarDir",		1,1,	env_rpl_var},
	{"EtcDir",		1,1,	env_rpl_var},
	{"DocMemCacheSize",	1,1,	env_rpl_var},
	{"IspellUsePrefixes",	1,1,	env_rpl_var},
	{"URLSelectCacheSize",	1,1,	env_rpl_var},
	{"URLDumpCacheSize",	1,1,	env_rpl_var},
	{"MaxDocSize",		1,1,	env_rpl_var},
	{"MinDocSize",		1,1,	env_rpl_var},
	{"StoredFiles",		1,1,	env_rpl_var},
	{"URLDataFiles",	1,1,	env_rpl_var},
	{"WrdFiles",		1,1,	env_rpl_var},
	{"OldStoredFiles",	1,1,	env_rpl_var},
	{"OldURLDataFiles",	1,1,	env_rpl_var},
	{"OldWrdFiles",		1,1,	env_rpl_var},
	{"BaseFiles",		1,1,	env_rpl_var},
	{"CacheLogWords",       1,1,    env_rpl_var},
	{"CacheLogDels",        1,1,    env_rpl_var},
	{"OptimizeInterval",	1,1,	env_rpl_var},
	{"OptimizeRatio",	1,1,	env_rpl_var},
	{"ParserTimeOut",	1,1,	env_rpl_var},
	{"NumSections",		1,1,	env_rpl_var},
	{"DateFormat",		1,1,	env_rpl_var},
	{"ResultsLimit",        1,1,    env_rpl_var},
	{"MinSpareServers",     1,1,    env_rpl_var},
	{"MaxSpareServers",     1,1,    env_rpl_var},
	{"MaxClients",          1,1,    env_rpl_var},
	{"LogLevel",            1,1,    env_rpl_var},
	{"Locale",              1,1,    env_rpl_var},
	{"TZ",                  1,1,    env_rpl_var},
	{"CharsToEscape",       1,1,    env_rpl_var},
	{"Socket",		1,1,	env_rpl_var},
	{"ExcerptSize",         1,1,    env_rpl_var},
	{"ExcerptPadding",      1,1,    env_rpl_var},
	{"IspellCorrectFactor",	1,1,	env_rpl_num_var},
	{"IspellInCorrectFactor",1,1,	env_rpl_num_var},
	{"SubDocLevel",		1,1,	env_rpl_num_var},
	{"SubDocCnt",		1,1,	env_rpl_num_var},
	{"MaxCrawlDelay",	1,1,	env_rpl_num_var},
	{"MinWordLength",	1,1,	env_rpl_num_var},
	{"MaxWordLength",	1,1,	env_rpl_num_var},
	{"PopRankNeoIterations",1,1,	env_rpl_num_var},
	{"GuesserBytes",        1,1,    env_rpl_num_var},
	{"MaxSiteLevel",        1,1,    env_rpl_num_var},
	{"SEASentences",        1,1,    env_rpl_num_var},
	{"SEASentenceMinLength",1,1,    env_rpl_num_var},
	{"SEASections",		1,1,	env_rpl_var},
	{"PagesInGroup",        1,1,    env_rpl_num_var},
	{"LongestTextItems",    1,1,    env_rpl_num_var},
	{"GuesserUseMeta",	1,1,	env_rpl_bool_var},
	{"ColdVar",	        1,1,	env_rpl_bool_var},
	{"LogsOnly",		1,1,	env_rpl_bool_var},
	{"DoStore",		1,1,	env_rpl_bool_var},
	{"DoExcerpt",		1,1,	env_rpl_bool_var},
	{"CVSIgnore",		1,1,	env_rpl_bool_var},
	{"CollectLinks",	1,1,	env_rpl_bool_var},
	{"ProvideReferer",	1,1,	env_rpl_bool_var},
	{"MakePrefixes",	1,1,	env_rpl_bool_var},
	{"MakeSuffixes",	1,1,	env_rpl_bool_var},
	{"FillDictionary",      1,1,    env_rpl_bool_var},
	{"URLInfoSQL",	        1,1,	env_rpl_bool_var},
	{"SRVInfoSQL",		1,1,	env_rpl_bool_var},
	{"CheckInsertSQL",      1,1,	env_rpl_bool_var},
	{"MarkForIndex",        1,1,	env_rpl_bool_var},
	{"UseDateHeader",       1,1,	env_rpl_bool_var},
	{"FastHrefCheck",	1,1,	env_rpl_bool_var},
	{"DisableRelNofollow",  1,1,    env_rpl_bool_var},
	{"LocalCharset",	1,1,	env_rpl_charset},
	{"BrowserCharset",	1,1,	env_rpl_charset},
	
	{"HTDBAddr",		0,1,	srv_rpl_var},
	{"HTDBList",		0,1,	srv_rpl_var},
	{"HTDBDoc",		0,2,	srv_htdb},
	{"HTDBText",		0,3,	srv_htdb},
	{"HTDBLimit",           0,1,    srv_rpl_var},
	{"DefaultLang",		1,1,	srv_rpl_var},
	{"Category",		0,1,	srv_rpl_category},
	{"Tag",			1,1,	srv_rpl_var},
	{"Proxy",		0,1,	srv_rpl_var},
	{"VaryLang",            1,1,    srv_rpl_var},
	{"IndexDocSizeLimit",   0,1,    srv_rpl_var},
	{"ExpireAt",            0,5,    srv_rpl_var},
	{"LMDSection",          1,1,    srv_rpl_var},
	{"MaxNetErrors",	1,1,	srv_rpl_num_var},
	{"MaxHops",		1,1,	srv_rpl_num_var},
	{"MaxDepth",		1,1,	srv_rpl_num_var},
	{"MaxURLength",		1,1,	srv_rpl_num_var},
	{"MaxDocsPerServer",	1,1,	srv_rpl_num_var},
	{"MaxDocsPerSite",	1,1,	srv_rpl_num_var},
	{"MaxHrefsPerServer",	1,1,	srv_rpl_num_var},
	{"ServerWeight",	1,1,	srv_rpl_num_var},
	{"MinSiteWeight",	1,1,	srv_rpl_num_var},
	{"MinServerWeight",    	1,1,	srv_rpl_num_var},
	{"Robots",		1,1,	srv_rpl_bool_var},
	{"Sitemaps",		1,1,	srv_rpl_bool_var},
	{"Cookie",              1,1,    env_rpl_var},
	{"Cookies",             1,1,    srv_rpl_bool_var},
	{"DetectClones",	1,1,	srv_rpl_bool_var},
	{"Index",		1,1,	srv_rpl_bool_var},
	{"NetErrorDelayTime",	1,1,	srv_rpl_time_var},
	{"ReadTimeOut",		1,1,	srv_rpl_time_var},
	{"DocTimeOut",		1,1,	srv_rpl_time_var},
	{"Period",		1,1,	srv_rpl_time_var},
	{"PeriodByHops",	1,2,	srv_rpl_time_var},
	{"HoldBadHrefs",	1,1,	srv_rpl_time_var},
	{"DeleteOlder",         1,1,    srv_rpl_time_var},
	{"CrawlDelay",          1,1,    srv_rpl_time_var},
	{"HoldCache",           1,1,    env_rpl_time_var},
	{"RobotsPeriod",        1,1,    env_rpl_time_var},
	{"HTTPHeader",		1,2,	srv_rpl_hdr},
	{"ProxyAuthBasic",	1,1,	srv_rpl_auth},
	{"AuthBasic",		1,1,	srv_rpl_auth},
	{"AuthPing",		1,1,	srv_rpl_auth},
	{"MirrorRoot",		0,1,	srv_rpl_mirror},
	{"MirrorHeadersRoot",	0,1,	srv_rpl_mirror},
	{"MirrorPeriod",	0,1,	srv_rpl_mirror},
	{"RemoteCharset",	0,1,	srv_rpl_charset},
	{"URLCharset",	        0,1,	srv_rpl_charset},
	
	{"Disallow",		1,100,	add_filter},
	{"Allow",		1,100,	add_filter},
	{"CheckMP3Only",	1,100,	add_filter},
	{"CheckMP3",		1,100,	add_filter},
	{"CheckOnly",		1,100,	add_filter},
	{"HrefOnly",		1,100,	add_filter},
	
	{"Store",               1,100,  add_store_filter},
	{"NoStore",             1,100,  add_store_filter},

	{"IndexIf",             1,100,  add_section_filter},
	{"NoIndexIf",           1,100,  add_section_filter},
	{"CheckOnlyIf",		1,100,	add_section_filter},
	{"DisallowIf",		1,100,	add_section_filter},
	{"TagIf",               3,100,  add_subsection_match},
	{"CategoryIf",          3,100,  add_subsection_match},
  
	{"Server",		1,100,	add_srv},
	{"Realm",		1,100,	add_srv},
	{"Subnet",		1,100,	add_srv},
	{"URL",			1,1,	add_url},
	
	{"Alias",		1,100,	add_alias},
	{"ReverseAlias",	1,100,	add_alias},
	
	{"AddType",		1,100,	add_type},
	{"Mime",		2,3,	add_parser},
	{"Section",		2,7,	add_section},
	{"HrefSection",         1,3,    add_hrefsection},
	{"SectionSQL",		4,8,	add_sectionsql},
	{"BodyPattern",         2,2,    add_body_pattern},
	{"BodyBrackets",	2,2,	add_body_brackets},
	{"ActionSQL",	        3,5,    add_actionsql},
	{"Affix",		3,3,	add_affix},
	{"Spell",		3,3,	add_spell},
	{"Quffix",              3,3,    add_quffix},
	{"StopwordFile",	1,1,	add_stoplist},
	{"LangMapFile",		1,1,	add_langmap},
	{"LangMapUpdate",	1,1,	env_rpl_bool_var},
	{"OptimizeAtUpdate",	1,1,	env_rpl_bool_var},
	{"PreloadURLData",      1,1,    env_rpl_bool_var},
	{"PreloadLimit",        2,2,    preload_limit},
	{"Synonym",		1,1,	add_synonym},
	{"Acronym",		1,1,	add_acronym},
	{"LoadChineseList",	0,2,	add_chinese},
	{"LoadKoreanList",      0,2,    add_korean},
	{"LoadThaiList",        0,2,    add_thai},
	{"Limit",		1,3,	add_limit},
	{"ServerTable",		1,1,	add_srv_table},
	{"FlushServerTable",	0,0,	flush_srv_table},
	{"ServerDB",            1,100,  add_srv_db},
	{"RealmDB",             1,100,  add_srv_db},
	{"SubnetDB",            1,100,  add_srv_db},
	{"URLDB",               1,1,    add_srv_db},

	{"ServerFile",            1,100,  add_srv_file},
	{"RealmFile",             1,100,  add_srv_file},
	{"SubnetFile",            1,100,  add_srv_file},
	{"URLFile",               1,1,    add_srv_file},

	{"ReplaceVar",          2,2,    env_rpl_named_var},
	{"ReplaceVarLcs",       2,2,    env_rpl_named_var_lcs},

	{"CategoryTable",	1,1,	add_cat_table},
	{"FlushCategoryTable",	0,0,	flush_cat_table},

